<?xml version="1.0" encoding="UTF-8"?>
<testng-results ignored="0" total="1" passed="1" failed="0" skipped="0">
  <reporter-output>
    <line>
      <![CDATA[TC003 execution started]]>
    </line>
    <line>
      <![CDATA[TC003 execution finished]]>
    </line>
  </reporter-output>
  <suite started-at="2023-04-09T23:28:41 IST" name="Default suite" finished-at="2023-04-09T23:28:46 IST" duration-ms="4816">
    <groups>
    </groups>
    <test started-at="2023-04-09T23:28:41 IST" name="Default test" finished-at="2023-04-09T23:28:46 IST" duration-ms="4816">
      <class name="RA_tests.Req_Delete">
        <test-method is-config="true" signature="TC003_URI()[pri:0, instance:RA_tests.Req_Delete@3232a28a]" started-at="2023-04-09T23:28:41 IST" name="TC003_URI" finished-at="2023-04-09T23:28:42 IST" duration-ms="864" status="PASS">
          <reporter-output>
            <line>
              <![CDATA[TC003 execution started]]>
            </line>
          </reporter-output>
        </test-method> <!-- TC003_URI -->
        <test-method signature="TC003_delete()[pri:0, instance:RA_tests.Req_Delete@3232a28a]" started-at="2023-04-09T23:28:42 IST" name="TC003_delete" finished-at="2023-04-09T23:28:46 IST" duration-ms="3871" status="PASS">
          <reporter-output>
          </reporter-output>
        </test-method> <!-- TC003_delete -->
        <test-method is-config="true" signature="TC003_concluded()[pri:0, instance:RA_tests.Req_Delete@3232a28a]" started-at="2023-04-09T23:28:46 IST" name="TC003_concluded" finished-at="2023-04-09T23:28:46 IST" duration-ms="3" status="PASS">
          <reporter-output>
            <line>
              <![CDATA[TC003 execution finished]]>
            </line>
          </reporter-output>
        </test-method> <!-- TC003_concluded -->
      </class> <!-- RA_tests.Req_Delete -->
    </test> <!-- Default test -->
  </suite> <!-- Default suite -->
</testng-results>
