<?xml version="1.0" encoding="UTF-8"?>
<testng-results ignored="0" total="2" passed="2" failed="0" skipped="0">
  <reporter-output>
    <line>
      <![CDATA[TC001 execution started]]>
    </line>
    <line>
      <![CDATA[TC002 execution started]]>
    </line>
    <line>
      <![CDATA[TC001 execution finished]]>
    </line>
    <line>
      <![CDATA[testPost execution finished]]>
    </line>
    <line>
      <![CDATA[TC001 execution started]]>
    </line>
    <line>
      <![CDATA[TC002 execution started]]>
    </line>
    <line>
      <![CDATA[TC001 execution finished]]>
    </line>
    <line>
      <![CDATA[testPost execution finished]]>
    </line>
  </reporter-output>
  <suite started-at="2023-04-09T18:33:04 IST" name="Default suite" finished-at="2023-04-09T18:33:14 IST" duration-ms="9702">
    <groups>
    </groups>
    <test started-at="2023-04-09T18:33:04 IST" name="Default test" finished-at="2023-04-09T18:33:14 IST" duration-ms="9702">
      <class name="RA_tests.Req_Post">
        <test-method is-config="true" signature="TC001_data()[pri:0, instance:RA_tests.Req_Post@7e7be63f]" started-at="2023-04-09T18:33:04 IST" name="TC001_data" finished-at="2023-04-09T18:33:05 IST" duration-ms="400" status="PASS">
          <reporter-output>
            <line>
              <![CDATA[TC001 execution started]]>
            </line>
          </reporter-output>
        </test-method> <!-- TC001_data -->
        <test-method is-config="true" signature="TC002_data()[pri:0, instance:RA_tests.Req_Post@7e7be63f]" started-at="2023-04-09T18:33:05 IST" name="TC002_data" finished-at="2023-04-09T18:33:05 IST" duration-ms="1" status="PASS">
          <reporter-output>
            <line>
              <![CDATA[TC002 execution started]]>
            </line>
          </reporter-output>
        </test-method> <!-- TC002_data -->
        <test-method signature="TC001_Post()[pri:0, instance:RA_tests.Req_Post@7e7be63f]" started-at="2023-04-09T18:33:05 IST" name="TC001_Post" finished-at="2023-04-09T18:33:12 IST" duration-ms="6997" status="PASS">
          <reporter-output>
          </reporter-output>
        </test-method> <!-- TC001_Post -->
        <test-method is-config="true" signature="TC001_conclude()[pri:0, instance:RA_tests.Req_Post@7e7be63f]" started-at="2023-04-09T18:33:12 IST" name="TC001_conclude" finished-at="2023-04-09T18:33:12 IST" duration-ms="1" status="PASS">
          <reporter-output>
            <line>
              <![CDATA[TC001 execution finished]]>
            </line>
          </reporter-output>
        </test-method> <!-- TC001_conclude -->
        <test-method is-config="true" signature="TC002_conclude()[pri:0, instance:RA_tests.Req_Post@7e7be63f]" started-at="2023-04-09T18:33:12 IST" name="TC002_conclude" finished-at="2023-04-09T18:33:12 IST" duration-ms="0" status="PASS">
          <reporter-output>
            <line>
              <![CDATA[testPost execution finished]]>
            </line>
          </reporter-output>
        </test-method> <!-- TC002_conclude -->
        <test-method is-config="true" signature="TC001_data()[pri:0, instance:RA_tests.Req_Post@7e7be63f]" started-at="2023-04-09T18:33:12 IST" name="TC001_data" finished-at="2023-04-09T18:33:12 IST" duration-ms="0" status="PASS">
          <reporter-output>
            <line>
              <![CDATA[TC001 execution started]]>
            </line>
          </reporter-output>
        </test-method> <!-- TC001_data -->
        <test-method is-config="true" signature="TC002_data()[pri:0, instance:RA_tests.Req_Post@7e7be63f]" started-at="2023-04-09T18:33:12 IST" name="TC002_data" finished-at="2023-04-09T18:33:12 IST" duration-ms="1" status="PASS">
          <reporter-output>
            <line>
              <![CDATA[TC002 execution started]]>
            </line>
          </reporter-output>
        </test-method> <!-- TC002_data -->
        <test-method signature="TC002_Post()[pri:0, instance:RA_tests.Req_Post@7e7be63f]" started-at="2023-04-09T18:33:12 IST" name="TC002_Post" finished-at="2023-04-09T18:33:14 IST" duration-ms="2255" status="PASS">
          <reporter-output>
          </reporter-output>
        </test-method> <!-- TC002_Post -->
        <test-method is-config="true" signature="TC001_conclude()[pri:0, instance:RA_tests.Req_Post@7e7be63f]" started-at="2023-04-09T18:33:14 IST" name="TC001_conclude" finished-at="2023-04-09T18:33:14 IST" duration-ms="1" status="PASS">
          <reporter-output>
            <line>
              <![CDATA[TC001 execution finished]]>
            </line>
          </reporter-output>
        </test-method> <!-- TC001_conclude -->
        <test-method is-config="true" signature="TC002_conclude()[pri:0, instance:RA_tests.Req_Post@7e7be63f]" started-at="2023-04-09T18:33:14 IST" name="TC002_conclude" finished-at="2023-04-09T18:33:14 IST" duration-ms="0" status="PASS">
          <reporter-output>
            <line>
              <![CDATA[testPost execution finished]]>
            </line>
          </reporter-output>
        </test-method> <!-- TC002_conclude -->
      </class> <!-- RA_tests.Req_Post -->
    </test> <!-- Default test -->
  </suite> <!-- Default suite -->
</testng-results>
